{"C:\\Users\\arany\\Desktop\\sms-frontend\\src\\lib\\studentUtils.js": {"path":"C:\\Users\\arany\\Desktop\\sms-frontend\\src\\lib\\studentUtils.js","statementMap":{"0":{"start":{"line":1,"column":31},"end":{"line":5,"column":1}},"1":{"start":{"line":8,"column":17},"end":{"line":8,"column":49}},"2":{"start":{"line":9,"column":21},"end":{"line":9,"column":55}},"3":{"start":{"line":10,"column":2},"end":{"line":10,"column":39}},"4":{"start":{"line":14,"column":2},"end":{"line":16,"column":3}},"5":{"start":{"line":15,"column":4},"end":{"line":15,"column":74}},"6":{"start":{"line":17,"column":2},"end":{"line":17,"column":37}},"7":{"start":{"line":21,"column":2},"end":{"line":21,"column":76}},"8":{"start":{"line":21,"column":24},"end":{"line":21,"column":76}},"9":{"start":{"line":22,"column":2},"end":{"line":22,"column":77}},"10":{"start":{"line":22,"column":27},"end":{"line":22,"column":77}},"11":{"start":{"line":23,"column":2},"end":{"line":23,"column":77}},"12":{"start":{"line":23,"column":27},"end":{"line":23,"column":77}},"13":{"start":{"line":24,"column":2},"end":{"line":24,"column":11}},"14":{"start":{"line":28,"column":2},"end":{"line":28,"column":26}}},"fnMap":{"0":{"name":"buildStudentId","decl":{"start":{"line":7,"column":16},"end":{"line":7,"column":30}},"loc":{"start":{"line":7,"column":46},"end":{"line":11,"column":1}},"line":7},"1":{"name":"validateStudentForm","decl":{"start":{"line":13,"column":16},"end":{"line":13,"column":35}},"loc":{"start":{"line":13,"column":42},"end":{"line":18,"column":1}},"line":13},"2":{"name":"buildAuditDescription","decl":{"start":{"line":20,"column":16},"end":{"line":20,"column":37}},"loc":{"start":{"line":20,"column":67},"end":{"line":25,"column":1}},"line":20},"3":{"name":"buildLogId","decl":{"start":{"line":27,"column":16},"end":{"line":27,"column":26}},"loc":{"start":{"line":27,"column":38},"end":{"line":29,"column":null}},"line":27}},"branchMap":{"0":{"loc":{"start":{"line":8,"column":17},"end":{"line":8,"column":49}},"type":"binary-expr","locations":[{"start":{"line":8,"column":17},"end":{"line":8,"column":40}},{"start":{"line":8,"column":44},"end":{"line":8,"column":49}}],"line":8},"1":{"loc":{"start":{"line":14,"column":2},"end":{"line":16,"column":3}},"type":"if","locations":[{"start":{"line":14,"column":2},"end":{"line":16,"column":3}},{"start":{},"end":{}}],"line":14},"2":{"loc":{"start":{"line":14,"column":6},"end":{"line":14,"column":65}},"type":"binary-expr","locations":[{"start":{"line":14,"column":6},"end":{"line":14,"column":22}},{"start":{"line":14,"column":26},"end":{"line":14,"column":41}},{"start":{"line":14,"column":45},"end":{"line":14,"column":65}}],"line":14},"3":{"loc":{"start":{"line":21,"column":2},"end":{"line":21,"column":76}},"type":"if","locations":[{"start":{"line":21,"column":2},"end":{"line":21,"column":76}},{"start":{},"end":{}}],"line":21},"4":{"loc":{"start":{"line":22,"column":2},"end":{"line":22,"column":77}},"type":"if","locations":[{"start":{"line":22,"column":2},"end":{"line":22,"column":77}},{"start":{},"end":{}}],"line":22},"5":{"loc":{"start":{"line":23,"column":2},"end":{"line":23,"column":77}},"type":"if","locations":[{"start":{"line":23,"column":2},"end":{"line":23,"column":77}},{"start":{},"end":{}}],"line":23}},"s":{"0":2,"1":4,"2":4,"3":4,"4":4,"5":3,"6":1,"7":3,"8":1,"9":2,"10":2,"11":1,"12":1,"13":0,"14":1},"f":{"0":4,"1":4,"2":3,"3":1},"b":{"0":[4,1],"1":[3,1],"2":[4,3,2],"3":[1,2],"4":[1,1],"5":[1,0]},"meta":{"lastBranch":6,"lastFunction":4,"lastStatement":15,"seen":{"s:1:31:5:1":0,"f:7:16:7:30":0,"s:8:17:8:49":1,"b:8:17:8:40:8:44:8:49":0,"s:9:21:9:55":2,"s:10:2:10:39":3,"f:13:16:13:35":1,"b:14:2:16:3:undefined:undefined:undefined:undefined":1,"s:14:2:16:3":4,"b:14:6:14:22:14:26:14:41:14:45:14:65":2,"s:15:4:15:74":5,"s:17:2:17:37":6,"f:20:16:20:37":2,"b:21:2:21:76:undefined:undefined:undefined:undefined":3,"s:21:2:21:76":7,"s:21:24:21:76":8,"b:22:2:22:77:undefined:undefined:undefined:undefined":4,"s:22:2:22:77":9,"s:22:27:22:77":10,"b:23:2:23:77:undefined:undefined:undefined:undefined":5,"s:23:2:23:77":11,"s:23:27:23:77":12,"s:24:2:24:11":13,"f:27:16:27:26":3,"s:28:2:28:26":14}}}
}
